<?xml version="1.0" encoding="UTF-8"?>
<!-- Generated by org.testng.reporters.JUnitReportReporter -->
<testsuite hostname="DESKTOP-PILLCO5" failures="0" tests="1" name="tests.LoginTest" time="2.928" errors="0" timestamp="2023-07-09T01:20:58 EET" skipped="0">
  <testcase classname="tests.LoginTest" name="UserLoginSuccessfully" time="2.928"/>
  <system-out/>
</testsuite> <!-- tests.LoginTest -->
